[debug] [2023-02-25T21:37:55.668Z] ----------------------------------------------------------------------
[debug] [2023-02-25T21:37:55.672Z] Command:       C:\Program Files\nodejs\node.exe C:\Users\Chris\AppData\Roaming\npm\node_modules\firebase-tools\lib\bin\firebase.js init hosting
[debug] [2023-02-25T21:37:55.673Z] CLI Version:   11.24.0
[debug] [2023-02-25T21:37:55.673Z] Platform:      win32
[debug] [2023-02-25T21:37:55.674Z] Node Version:  v18.13.0
[debug] [2023-02-25T21:37:55.674Z] Time:          Sat Feb 25 2023 14:37:55 GMT-0700 (Mountain Standard Time)
[debug] [2023-02-25T21:37:55.675Z] ----------------------------------------------------------------------
[debug] 
[debug] [2023-02-25T21:37:55.719Z] > command requires scopes: ["email","openid","https://www.googleapis.com/auth/cloudplatformprojects.readonly","https://www.googleapis.com/auth/firebase","https://www.googleapis.com/auth/cloud-platform"]
[debug] [2023-02-25T21:37:55.720Z] > authorizing via signed-in user (christopher.feveck@gmail.com)
[info] 
     ######## #### ########  ######## ########     ###     ######  ########
     ##        ##  ##     ## ##       ##     ##  ##   ##  ##       ##
     ######    ##  ########  ######   ########  #########  ######  ######
     ##        ##  ##    ##  ##       ##     ## ##     ##       ## ##
     ##       #### ##     ## ######## ########  ##     ##  ######  ########

You're about to initialize a Firebase project in this directory:

  C:\Users\Chris\source\repos\plant-app

[info] 
=== Project Setup
[info] 
[info] First, let's associate this project directory with a Firebase project.
[info] You can create multiple project aliases by running firebase use --add, 
[info] but for now we'll just set up a default project.
[info] 
[debug] [2023-02-25T21:38:10.408Z] >>> [apiv2][query] GET https://firebase.googleapis.com/v1beta1/projects pageSize=100
[debug] [2023-02-25T21:38:10.895Z] <<< [apiv2][status] GET https://firebase.googleapis.com/v1beta1/projects 200
[debug] [2023-02-25T21:38:10.896Z] <<< [apiv2][body] GET https://firebase.googleapis.com/v1beta1/projects [omitted]
[info] i  Using project plant-414c7 (plants) 
[info] 
=== Hosting Setup
[info] 
[info] Your public directory is the folder (relative to your project directory) that
[info] will contain Hosting assets to be uploaded with firebase deploy. If you
[info] have a build process for your assets, use your build's output directory.
[info] 
[debug] [2023-02-25T21:38:22.015Z] Error: ENOTDIR: not a directory, scandir 'C:\Users\Chris\source\repos\plant-app\build'
    at Object.readdirSync (node:fs:1451:3)
    at Object.createFileSync (C:\Users\Chris\AppData\Roaming\npm\node_modules\firebase-tools\node_modules\fs-extra\lib\ensure\file.js:55:10)
    at Config.writeProjectFile (C:\Users\Chris\AppData\Roaming\npm\node_modules\firebase-tools\lib\config.js:152:12)
    at C:\Users\Chris\AppData\Roaming\npm\node_modules\firebase-tools\lib\config.js:176:22
    at process.processTicksAndRejections (node:internal/process/task_queues:95:5)
    at async doSetup (C:\Users\Chris\AppData\Roaming\npm\node_modules\firebase-tools\lib\init\features\hosting\index.js:140:13)
    at async init (C:\Users\Chris\AppData\Roaming\npm\node_modules\firebase-tools\lib\init\index.js:36:9)
[error] 
[error] Error: An unexpected error has occurred.
